{"level":"info","message":"Git project identified"}
{"level":"warn","message":"GitHub connection not found!"}
{"level":"info","message":"You can connect your GitHub account to the UI using the following URL:"}
{"level":"info","message":"Git project identified"}
{"level":"warn","message":"GitHub connection not found!"}
{"level":"info","message":"Git project identified"}
{"level":"warn","message":"GitHub connection not found!"}
{"level":"info","message":"Git project identified"}
{"level":"warn","message":"GitHub connection not found!"}
{"level":"info","message":"Git project identified"}
{"level":"warn","message":"GitHub connection not found!"}
{"level":"warn","message":"GitHub connection not found!"}
{"level":"warn","message":"GitHub connection not found!"}
{"level":"info","message":"You can connect your GitHub account to the UI using the following URL:"}
{"level":"warn","message":"GitHub connection not found!"}
{"level":"info","message":"You can connect your GitHub account to the UI using the following URL:"}
{"level":"info","message":"Git project identified"}
{"level":"warn","message":"GitHub connection not found!"}
{"level":"info","message":"Git project identified"}
{"level":"info","message":"GitHub connection identified!"}
{"level":"info","message":"User access verified"}
{"level":"info","message":"Git project identified"}
{"level":"info","message":"GitHub connection identified!"}
{"level":"info","message":"User access verified"}
{"level":"info","message":"New project created successfully"}
{"level":"info","message":"2025-03-26 18:38:03.994:  Cloning repository..."}
{"level":"info","message":"2025-03-26 18:38:09.733:  Installing dependencies..."}
{"level":"info","message":"2025-03-26 18:38:13.787:  =========================================================="}
{"level":"info","message":"2025-03-26 18:38:27.942:  added 322 packages, and audited 323 packages in 14s"}
{"level":"info","message":"2025-03-26 18:38:27.945:  134 packages are looking for funding"}
{"level":"info","message":"2025-03-26 18:38:27.947:    run `npm fund` for details"}
{"level":"info","message":"2025-03-26 18:38:27.950:  found 0 vulnerabilities"}
{"level":"info","message":"2025-03-26 18:38:27.952:  npm notice"}
{"level":"info","message":"2025-03-26 18:38:27.954:  npm notice New major version of npm available! 10.9.2 -> 11.2.0"}
{"level":"info","message":"2025-03-26 18:38:27.956:  npm notice Changelog: https://github.com/npm/cli/releases/tag/v11.2.0"}
{"level":"info","message":"2025-03-26 18:38:27.958:  npm notice To update run: npm install -g npm@11.2.0"}
{"level":"info","message":"2025-03-26 18:38:27.960:  npm notice"}
{"level":"info","message":"2025-03-26 18:38:34.151:  Init build..."}
{"level":"info","message":"2025-03-26 18:38:35.898:  > my-app@0.1.0 build"}
{"level":"info","message":"2025-03-26 18:38:35.901:  > next build"}
{"level":"info","message":"2025-03-26 18:38:36.786:  Attention: Next.js now collects completely anonymous telemetry regarding usage."}
{"level":"info","message":"2025-03-26 18:38:36.788:  This information is used to shape Next.js' roadmap and prioritize features."}
{"level":"info","message":"2025-03-26 18:38:36.791:  You can learn more, including how to opt-out if you'd not like to participate in this anonymous program, by visiting the following URL:"}
{"level":"info","message":"2025-03-26 18:38:36.793:  https://nextjs.org/telemetry"}
{"level":"info","message":"2025-03-26 18:38:36.923:     ▲ Next.js 15.2.3"}
{"level":"info","message":"2025-03-26 18:38:36.926:     - Environments: .env.local"}
{"level":"info","message":"2025-03-26 18:38:36.944:     Creating an optimized production build ..."}
{"level":"info","message":"2025-03-26 18:38:46.986:   ✓ Compiled successfully"}
{"level":"info","message":"2025-03-26 18:38:46.992:     Linting and checking validity of types ..."}
{"level":"info","message":"2025-03-26 18:38:49.610:     Collecting page data ..."}
{"level":"info","message":"2025-03-26 18:38:51.377:     Generating static pages (0/8) ..."}
{"level":"info","message":"2025-03-26 18:38:52.313:     Generating static pages (2/8)"}
{"level":"info","message":"2025-03-26 18:38:52.316:     Generating static pages (4/8)"}
{"level":"info","message":"2025-03-26 18:38:52.318:     Generating static pages (6/8)"}
{"level":"info","message":"2025-03-26 18:38:52.321:   ✓ Generating static pages (8/8)"}
{"level":"info","message":"2025-03-26 18:38:52.911:     Finalizing page optimization ..."}
{"level":"info","message":"2025-03-26 18:38:52.914:     Collecting build traces ..."}
{"level":"info","message":"2025-03-26 18:39:06.832:  Route (app)                                 Size  First Load JS"}
{"level":"info","message":"2025-03-26 18:39:06.835:  ┌ ○ /                                      175 B         104 kB"}
{"level":"info","message":"2025-03-26 18:39:06.837:  ├ ○ /_not-found                            977 B         101 kB"}
{"level":"info","message":"2025-03-26 18:39:06.840:  ├ ○ /about                                 175 B         104 kB"}
{"level":"info","message":"2025-03-26 18:39:06.842:  ├ ƒ /api/contact                           136 B         101 kB"}
{"level":"info","message":"2025-03-26 18:39:06.844:  └ ○ /contact                               586 B         104 kB"}
{"level":"info","message":"2025-03-26 18:39:06.846:  + First Load JS shared by all             100 kB"}
{"level":"info","message":"2025-03-26 18:39:06.848:    ├ chunks/4bd1b696-4781a963ad327daa.js  53.2 kB"}
{"level":"info","message":"2025-03-26 18:39:06.850:    ├ chunks/684-a2a45ea226d19f3c.js       45.3 kB"}
{"level":"info","message":"2025-03-26 18:39:06.852:    └ other shared chunks (total)          1.91 kB"}
{"level":"info","message":"2025-03-26 18:39:06.854:  ○  (Static)   prerendered as static content"}
{"level":"info","message":"2025-03-26 18:39:06.857:  ƒ  (Dynamic)  server-rendered on demand"}
{"level":"info","message":"2025-03-26 18:39:06.859:  npm notice"}
{"level":"info","message":"2025-03-26 18:39:06.861:  npm notice New major version of npm available! 10.9.2 -> 11.2.0"}
{"level":"info","message":"2025-03-26 18:39:06.863:  npm notice Changelog: https://github.com/npm/cli/releases/tag/v11.2.0"}
{"level":"info","message":"2025-03-26 18:39:06.865:  npm notice To update run: npm install -g npm@11.2.0"}
{"level":"info","message":"2025-03-26 18:39:06.867:  npm notice"}
{"level":"info","message":"2025-03-26 18:39:08.041:  Build successful"}
{"level":"info","message":"2025-03-26 18:39:08.044:  Cloud functions:"}
{"level":"info","message":"2025-03-26 18:39:08.180:  None"}
